[debug] [2022-08-29T00:58:18.179Z] ----------------------------------------------------------------------
[debug] [2022-08-29T00:58:18.182Z] Command:       C:\Program Files\nodejs\node.exe C:\Users\richa\AppData\Roaming\npm\node_modules\firebase-tools\lib\bin\firebase.js init
[debug] [2022-08-29T00:58:18.183Z] CLI Version:   11.8.0
[debug] [2022-08-29T00:58:18.183Z] Platform:      win32
[debug] [2022-08-29T00:58:18.183Z] Node Version:  v16.15.0
[debug] [2022-08-29T00:58:18.185Z] Time:          Sun Aug 28 2022 21:58:18 GMT-0300 (hora estándar de Argentina)
[debug] [2022-08-29T00:58:18.185Z] ----------------------------------------------------------------------
[debug] 
[debug] [2022-08-29T00:58:18.196Z] > command requires scopes: ["email","openid","https://www.googleapis.com/auth/cloudplatformprojects.readonly","https://www.googleapis.com/auth/firebase","https://www.googleapis.com/auth/cloud-platform"]
[debug] [2022-08-29T00:58:18.196Z] > authorizing via signed-in user (richardmaceda321@gmail.com)
[info] 
     ######## #### ########  ######## ########     ###     ######  ########
     ##        ##  ##     ## ##       ##     ##  ##   ##  ##       ##
     ######    ##  ########  ######   ########  #########  ######  ######
     ##        ##  ##    ##  ##       ##     ## ##     ##       ## ##
     ##       #### ##     ## ######## ########  ##     ##  ######  ########

You're about to initialize a Firebase project in this directory:

  C:\Users\richa\OneDrive\Desktop\proyecto integrador\portfolio\FrontEnd

[debug] [2022-08-29T01:48:15.608Z] Error: kill ENOSYS
    at process.kill (node:internal/process/per_thread:220:13)
    at process.listener (C:\Users\richa\AppData\Roaming\npm\node_modules\firebase-tools\node_modules\signal-exit\index.js:95:15)
    at process.emit (node:events:527:28)
[error] 
[error] Error: An unexpected error has occurred.
